
=== Wed Mar 20 11:33:44 2024

Packages were changed.
Update Mode: mergeDefaultDependencies

The following packages were added:
  com.unity.ide.rider@3.0.24
  com.unity.ide.visualstudio@2.0.18
  com.unity.ide.vscode@1.2.5
  com.unity.modules.ai@1.0.0
  com.unity.modules.androidjni@1.0.0
  com.unity.modules.cloth@1.0.0
  com.unity.modules.terrain@1.0.0
  com.unity.modules.terrainphysics@1.0.0
  com.unity.modules.tilemap@1.0.0
  com.unity.modules.uielements@1.0.0
  com.unity.modules.umbra@1.0.0
  com.unity.modules.unityanalytics@1.0.0
  com.unity.modules.wind@1.0.0
  com.unity.visualscripting@1.9.0
The following packages were updated:
  com.unity.collab-proxy from version 1.17.6 to 2.0.7
  com.unity.learn.iet-framework from version 2.2.2 to 3.1.1
  com.unity.probuilder from version 5.0.6 to 5.1.1
  com.unity.render-pipelines.universal from version 12.1.7 to 12.1.12
  com.unity.timeline from version 1.6.4 to 1.6.5
